c:\users\100589745\desktop\strings_c++\strings_c++\debug\vc120.pdb
c:\users\100589745\desktop\strings_c++\strings_c++\debug\vc120.idb
c:\users\100589745\desktop\strings_c++\strings_c++\debug\source.obj
c:\users\100589745\desktop\strings_c++\strings_c++\debug\source1.obj
c:\users\100589745\desktop\strings_c++\debug\strings_c++.pdb
c:\users\100589745\desktop\strings_c++\strings_c++\debug\strings_c++.tlog\cl.command.1.tlog
c:\users\100589745\desktop\strings_c++\strings_c++\debug\strings_c++.tlog\cl.read.1.tlog
c:\users\100589745\desktop\strings_c++\strings_c++\debug\strings_c++.tlog\cl.write.1.tlog
c:\users\100589745\desktop\strings_c++\strings_c++\debug\strings_c++.tlog\link-cvtres.read.1.tlog
c:\users\100589745\desktop\strings_c++\strings_c++\debug\strings_c++.tlog\link-cvtres.write.1.tlog
c:\users\100589745\desktop\strings_c++\strings_c++\debug\strings_c++.tlog\link-rc.read.1.tlog
c:\users\100589745\desktop\strings_c++\strings_c++\debug\strings_c++.tlog\link-rc.write.1.tlog
c:\users\100589745\desktop\strings_c++\strings_c++\debug\strings_c++.tlog\link.7180-cvtres.read.1.tlog
c:\users\100589745\desktop\strings_c++\strings_c++\debug\strings_c++.tlog\link.7180-cvtres.write.1.tlog
c:\users\100589745\desktop\strings_c++\strings_c++\debug\strings_c++.tlog\link.7180-rc.read.1.tlog
c:\users\100589745\desktop\strings_c++\strings_c++\debug\strings_c++.tlog\link.7180-rc.write.1.tlog
c:\users\100589745\desktop\strings_c++\strings_c++\debug\strings_c++.tlog\link.7180.read.1.tlog
c:\users\100589745\desktop\strings_c++\strings_c++\debug\strings_c++.tlog\link.7180.write.1.tlog
c:\users\100589745\desktop\strings_c++\strings_c++\debug\strings_c++.tlog\link.command.1.tlog
c:\users\100589745\desktop\strings_c++\strings_c++\debug\strings_c++.tlog\link.read.1.tlog
c:\users\100589745\desktop\strings_c++\strings_c++\debug\strings_c++.tlog\link.write.1.tlog
