Build started 9/22/2015 1:39:55 PM.
     1>Project "C:\Users\100589745\Desktop\Strings_C++\Strings_C++\Strings_C++.vcxproj" on node 2 (Build target(s)).
     1>ClCompile:
         C:\Program Files (x86)\Microsoft Visual Studio 12.0\VC\bin\CL.exe /c /Zi /nologo /W3 /WX- /sdl /O2 /Oi /Oy- /GL /D WIN32 /D NDEBUG /D _CONSOLE /D _LIB /D _UNICODE /D UNICODE /Gm- /EHsc /MD /GS /Gy /fp:precise /Zc:wchar_t /Zc:forScope /Fo"Release\\" /Fd"Release\vc120.pdb" /Gd /TP /analyze- /errorReport:prompt Source.cpp
         Source.cpp
     1>Source.cpp(8): error C2679: binary '<<' : no operator found which takes a right-hand operand of type 'std::string' (or there is no acceptable conversion)
                 C:\Program Files (x86)\Microsoft Visual Studio 12.0\VC\include\ostream(498): could be 'std::basic_ostream<char,std::char_traits<char>> &std::basic_ostream<char,std::char_traits<char>>::operator <<(std::basic_streambuf<char,std::char_traits<char>> *)'
                 C:\Program Files (x86)\Microsoft Visual Studio 12.0\VC\include\ostream(478): or       'std::basic_ostream<char,std::char_traits<char>> &std::basic_ostream<char,std::char_traits<char>>::operator <<(const void *)'
                 C:\Program Files (x86)\Microsoft Visual Studio 12.0\VC\include\ostream(458): or       'std::basic_ostream<char,std::char_traits<char>> &std::basic_ostream<char,std::char_traits<char>>::operator <<(long double)'
                 C:\Program Files (x86)\Microsoft Visual Studio 12.0\VC\include\ostream(438): or       'std::basic_ostream<char,std::char_traits<char>> &std::basic_ostream<char,std::char_traits<char>>::operator <<(double)'
                 C:\Program Files (x86)\Microsoft Visual Studio 12.0\VC\include\ostream(418): or       'std::basic_ostream<char,std::char_traits<char>> &std::basic_ostream<char,std::char_traits<char>>::operator <<(float)'
                 C:\Program Files (x86)\Microsoft Visual Studio 12.0\VC\include\ostream(397): or       'std::basic_ostream<char,std::char_traits<char>> &std::basic_ostream<char,std::char_traits<char>>::operator <<(unsigned __int64)'
                 C:\Program Files (x86)\Microsoft Visual Studio 12.0\VC\include\ostream(377): or       'std::basic_ostream<char,std::char_traits<char>> &std::basic_ostream<char,std::char_traits<char>>::operator <<(__int64)'
                 C:\Program Files (x86)\Microsoft Visual Studio 12.0\VC\include\ostream(356): or       'std::basic_ostream<char,std::char_traits<char>> &std::basic_ostream<char,std::char_traits<char>>::operator <<(unsigned long)'
                 C:\Program Files (x86)\Microsoft Visual Studio 12.0\VC\include\ostream(336): or       'std::basic_ostream<char,std::char_traits<char>> &std::basic_ostream<char,std::char_traits<char>>::operator <<(long)'
                 C:\Program Files (x86)\Microsoft Visual Studio 12.0\VC\include\ostream(316): or       'std::basic_ostream<char,std::char_traits<char>> &std::basic_ostream<char,std::char_traits<char>>::operator <<(unsigned int)'
                 C:\Program Files (x86)\Microsoft Visual Studio 12.0\VC\include\ostream(291): or       'std::basic_ostream<char,std::char_traits<char>> &std::basic_ostream<char,std::char_traits<char>>::operator <<(int)'
                 C:\Program Files (x86)\Microsoft Visual Studio 12.0\VC\include\ostream(271): or       'std::basic_ostream<char,std::char_traits<char>> &std::basic_ostream<char,std::char_traits<char>>::operator <<(unsigned short)'
                 C:\Program Files (x86)\Microsoft Visual Studio 12.0\VC\include\ostream(237): or       'std::basic_ostream<char,std::char_traits<char>> &std::basic_ostream<char,std::char_traits<char>>::operator <<(short)'
                 C:\Program Files (x86)\Microsoft Visual Studio 12.0\VC\include\ostream(217): or       'std::basic_ostream<char,std::char_traits<char>> &std::basic_ostream<char,std::char_traits<char>>::operator <<(std::_Bool)'
                 C:\Program Files (x86)\Microsoft Visual Studio 12.0\VC\include\ostream(210): or       'std::basic_ostream<char,std::char_traits<char>> &std::basic_ostream<char,std::char_traits<char>>::operator <<(std::ios_base &(__cdecl *)(std::ios_base &))'
                 C:\Program Files (x86)\Microsoft Visual Studio 12.0\VC\include\ostream(203): or       'std::basic_ostream<char,std::char_traits<char>> &std::basic_ostream<char,std::char_traits<char>>::operator <<(std::basic_ios<char,std::char_traits<char>> &(__cdecl *)(std::basic_ios<char,std::char_traits<char>> &))'
                 C:\Program Files (x86)\Microsoft Visual Studio 12.0\VC\include\ostream(197): or       'std::basic_ostream<char,std::char_traits<char>> &std::basic_ostream<char,std::char_traits<char>>::operator <<(std::basic_ostream<char,std::char_traits<char>> &(__cdecl *)(std::basic_ostream<char,std::char_traits<char>> &))'
                 C:\Program Files (x86)\Microsoft Visual Studio 12.0\VC\include\ostream(1026): or       'std::basic_ostream<char,std::char_traits<char>> &std::operator <<<char,std::char_traits<char>>(std::basic_ostream<char,std::char_traits<char>> &,const std::error_code &)'
                 C:\Program Files (x86)\Microsoft Visual Studio 12.0\VC\include\ostream(988): or       'std::basic_ostream<char,std::char_traits<char>> &std::operator <<<char,std::char_traits<char>,std::string>(std::basic_ostream<char,std::char_traits<char>> &&,const _Ty &)'
                 with
                 [
                     _Ty=std::string
                 ]
                 C:\Program Files (x86)\Microsoft Visual Studio 12.0\VC\include\ostream(978): or       'std::basic_ostream<char,std::char_traits<char>> &std::operator <<<std::char_traits<char>>(std::basic_ostream<char,std::char_traits<char>> &,unsigned char)'
                 C:\Program Files (x86)\Microsoft Visual Studio 12.0\VC\include\ostream(971): or       'std::basic_ostream<char,std::char_traits<char>> &std::operator <<<std::char_traits<char>>(std::basic_ostream<char,std::char_traits<char>> &,const unsigned char *)'
                 C:\Program Files (x86)\Microsoft Visual Studio 12.0\VC\include\ostream(964): or       'std::basic_ostream<char,std::char_traits<char>> &std::operator <<<std::char_traits<char>>(std::basic_ostream<char,std::char_traits<char>> &,signed char)'
                 C:\Program Files (x86)\Microsoft Visual Studio 12.0\VC\include\ostream(957): or       'std::basic_ostream<char,std::char_traits<char>> &std::operator <<<std::char_traits<char>>(std::basic_ostream<char,std::char_traits<char>> &,const signed char *)'
                 C:\Program Files (x86)\Microsoft Visual Studio 12.0\VC\include\ostream(831): or       'std::basic_ostream<char,std::char_traits<char>> &std::operator <<<std::char_traits<char>>(std::basic_ostream<char,std::char_traits<char>> &,char)'
                 C:\Program Files (x86)\Microsoft Visual Studio 12.0\VC\include\ostream(784): or       'std::basic_ostream<char,std::char_traits<char>> &std::operator <<<std::char_traits<char>>(std::basic_ostream<char,std::char_traits<char>> &,const char *)'
                 C:\Program Files (x86)\Microsoft Visual Studio 12.0\VC\include\ostream(746): or       'std::basic_ostream<char,std::char_traits<char>> &std::operator <<<char,std::char_traits<char>>(std::basic_ostream<char,std::char_traits<char>> &,char)'
                 C:\Program Files (x86)\Microsoft Visual Studio 12.0\VC\include\ostream(699): or       'std::basic_ostream<char,std::char_traits<char>> &std::operator <<<char,std::char_traits<char>>(std::basic_ostream<char,std::char_traits<char>> &,const char *)'
                 while trying to match the argument list '(std::ostream, std::string)'
     1>Source.cpp(10): error C2143: syntax error : missing ';' before ':'
     1>Done Building Project "C:\Users\100589745\Desktop\Strings_C++\Strings_C++\Strings_C++.vcxproj" (Build target(s)) -- FAILED.

Build FAILED.

Time Elapsed 00:00:00.42
