c:\users\100589745\desktop\consoleapplication2\consoleapplication2\debug\vc120.pdb
c:\users\100589745\desktop\consoleapplication2\consoleapplication2\debug\vc120.idb
c:\users\100589745\desktop\consoleapplication2\consoleapplication2\debug\variablese.obj
c:\users\100589745\documents\1. school documents\infr1100u introduction to programming\2. project files\variables c++\consoleapplication2\debug\vc120.pdb
c:\users\100589745\documents\1. school documents\infr1100u introduction to programming\2. project files\variables c++\consoleapplication2\debug\vc120.idb
c:\users\100589745\documents\1. school documents\infr1100u introduction to programming\2. project files\variables c++\consoleapplication2\debug\variablese.obj
c:\users\100589745\documents\1. school documents\infr1100u introduction to programming\2. project files\variables c++\consoleapplication2\debug\source.obj
c:\users\100589745\desktop\consoleapplication2\debug\consoleapplication2.ilk
c:\users\100589745\desktop\consoleapplication2\debug\consoleapplication2.exe
c:\users\100589745\desktop\consoleapplication2\debug\consoleapplication2.pdb
c:\users\100589745\documents\1. school documents\infr1100u introduction to programming\2. project files\variables c++\debug\consoleapplication2.pdb
c:\users\100589745\documents\1. school documents\infr1100u introduction to programming\2. project files\variables c++\consoleapplication2\debug\consolea.a70a7c54.tlog\cl.command.1.tlog
c:\users\100589745\documents\1. school documents\infr1100u introduction to programming\2. project files\variables c++\consoleapplication2\debug\consolea.a70a7c54.tlog\cl.read.1.tlog
c:\users\100589745\documents\1. school documents\infr1100u introduction to programming\2. project files\variables c++\consoleapplication2\debug\consolea.a70a7c54.tlog\cl.write.1.tlog
c:\users\100589745\documents\1. school documents\infr1100u introduction to programming\2. project files\variables c++\consoleapplication2\debug\consolea.a70a7c54.tlog\link-cvtres.read.1.tlog
c:\users\100589745\documents\1. school documents\infr1100u introduction to programming\2. project files\variables c++\consoleapplication2\debug\consolea.a70a7c54.tlog\link-cvtres.write.1.tlog
c:\users\100589745\documents\1. school documents\infr1100u introduction to programming\2. project files\variables c++\consoleapplication2\debug\consolea.a70a7c54.tlog\link-rc.read.1.tlog
c:\users\100589745\documents\1. school documents\infr1100u introduction to programming\2. project files\variables c++\consoleapplication2\debug\consolea.a70a7c54.tlog\link-rc.write.1.tlog
c:\users\100589745\documents\1. school documents\infr1100u introduction to programming\2. project files\variables c++\consoleapplication2\debug\consolea.a70a7c54.tlog\link.command.1.tlog
c:\users\100589745\documents\1. school documents\infr1100u introduction to programming\2. project files\variables c++\consoleapplication2\debug\consolea.a70a7c54.tlog\link.read.1.tlog
c:\users\100589745\documents\1. school documents\infr1100u introduction to programming\2. project files\variables c++\consoleapplication2\debug\consolea.a70a7c54.tlog\link.write.1.tlog
